2024-10-14 16:39:54 ERROR JAXB2:94 - convertMessage failed.
java.lang.NullPointerException: Cannot invoke "java.sql.Timestamp.toLocalDateTime()" because "this.timestamp" is null
	at jp.co.baobhansith.server.JAXB2.setConvertTime(JAXB2.java:73) ~[classes/:?]
	at jp.co.baobhansith.server.JAXB2.convertFormat(JAXB2.java:84) ~[classes/:?]
	at jp.co.baobhansith.server.DataController.lambda$0(DataController.java:28) ~[classes/:?]
	at java.lang.Thread.run(Thread.java:1583) [?:?]
2024-10-14 16:39:54 ERROR JAXB2:94 - convertMessage failed.
java.lang.NullPointerException: Cannot invoke "java.sql.Timestamp.toLocalDateTime()" because "this.timestamp" is null
	at jp.co.baobhansith.server.JAXB2.setConvertTime(JAXB2.java:73) ~[classes/:?]
	at jp.co.baobhansith.server.JAXB2.convertFormat(JAXB2.java:84) ~[classes/:?]
	at jp.co.baobhansith.server.DataController.lambda$0(DataController.java:28) ~[classes/:?]
	at java.lang.Thread.run(Thread.java:1583) [?:?]
2024-10-14 16:39:54 ERROR JAXB2:94 - convertMessage failed.
java.lang.NullPointerException: Cannot invoke "java.sql.Timestamp.toLocalDateTime()" because "this.timestamp" is null
	at jp.co.baobhansith.server.JAXB2.setConvertTime(JAXB2.java:73) ~[classes/:?]
	at jp.co.baobhansith.server.JAXB2.convertFormat(JAXB2.java:84) ~[classes/:?]
	at jp.co.baobhansith.server.DataController.lambda$0(DataController.java:28) ~[classes/:?]
	at java.lang.Thread.run(Thread.java:1583) [?:?]
2024-10-14 16:39:54 ERROR JAXB2:94 - convertMessage failed.
java.lang.NullPointerException: Cannot invoke "java.sql.Timestamp.toLocalDateTime()" because "this.timestamp" is null
	at jp.co.baobhansith.server.JAXB2.setConvertTime(JAXB2.java:73) ~[classes/:?]
	at jp.co.baobhansith.server.JAXB2.convertFormat(JAXB2.java:84) ~[classes/:?]
	at jp.co.baobhansith.server.DataController.lambda$0(DataController.java:28) ~[classes/:?]
	at java.lang.Thread.run(Thread.java:1583) [?:?]
2024-10-14 16:39:54 ERROR JAXB2:94 - convertMessage failed.
java.lang.NullPointerException: Cannot invoke "java.sql.Timestamp.toLocalDateTime()" because "this.timestamp" is null
	at jp.co.baobhansith.server.JAXB2.setConvertTime(JAXB2.java:73) ~[classes/:?]
	at jp.co.baobhansith.server.JAXB2.convertFormat(JAXB2.java:84) ~[classes/:?]
	at jp.co.baobhansith.server.DataController.lambda$0(DataController.java:28) ~[classes/:?]
	at java.lang.Thread.run(Thread.java:1583) [?:?]
2024-10-14 16:39:54 ERROR JAXB2:94 - convertMessage failed.
java.lang.NullPointerException: Cannot invoke "java.sql.Timestamp.toLocalDateTime()" because "this.timestamp" is null
	at jp.co.baobhansith.server.JAXB2.setConvertTime(JAXB2.java:73) ~[classes/:?]
	at jp.co.baobhansith.server.JAXB2.convertFormat(JAXB2.java:84) ~[classes/:?]
	at jp.co.baobhansith.server.DataController.lambda$0(DataController.java:28) ~[classes/:?]
	at java.lang.Thread.run(Thread.java:1583) [?:?]
2024-10-14 16:39:54 ERROR JAXB2:94 - convertMessage failed.
java.lang.NullPointerException: Cannot invoke "java.sql.Timestamp.toLocalDateTime()" because "this.timestamp" is null
	at jp.co.baobhansith.server.JAXB2.setConvertTime(JAXB2.java:73) ~[classes/:?]
	at jp.co.baobhansith.server.JAXB2.convertFormat(JAXB2.java:84) ~[classes/:?]
	at jp.co.baobhansith.server.DataController.lambda$0(DataController.java:28) ~[classes/:?]
	at java.lang.Thread.run(Thread.java:1583) [?:?]
2024-10-14 16:39:54 ERROR DataController:29 - Failed to write to file
2024-10-14 16:39:54 ERROR JAXB2:94 - convertMessage failed.
java.lang.NullPointerException: Cannot invoke "java.sql.Timestamp.toLocalDateTime()" because "this.timestamp" is null
	at jp.co.baobhansith.server.JAXB2.setConvertTime(JAXB2.java:73) ~[classes/:?]
	at jp.co.baobhansith.server.JAXB2.convertFormat(JAXB2.java:84) ~[classes/:?]
	at jp.co.baobhansith.server.DataController.lambda$0(DataController.java:28) ~[classes/:?]
	at java.lang.Thread.run(Thread.java:1583) [?:?]
2024-10-14 16:39:54 ERROR DataController:29 - Failed to write to file
2024-10-14 16:39:54 ERROR DataController:29 - Failed to write to file
2024-10-14 16:39:54 ERROR JAXB2:94 - convertMessage failed.
java.lang.NullPointerException: Cannot invoke "java.sql.Timestamp.toLocalDateTime()" because "this.timestamp" is null
	at jp.co.baobhansith.server.JAXB2.setConvertTime(JAXB2.java:73) ~[classes/:?]
	at jp.co.baobhansith.server.JAXB2.convertFormat(JAXB2.java:84) ~[classes/:?]
	at jp.co.baobhansith.server.DataController.lambda$0(DataController.java:28) ~[classes/:?]
	at java.lang.Thread.run(Thread.java:1583) [?:?]
2024-10-14 16:39:54 ERROR DataController:29 - Failed to write to file
2024-10-14 16:39:54 ERROR DataController:29 - Failed to write to file
2024-10-14 16:39:54 ERROR DataController:29 - Failed to write to file
2024-10-14 16:39:54 ERROR DataController:29 - Failed to write to file
2024-10-14 16:39:54 ERROR DataController:29 - Failed to write to file
2024-10-14 16:39:54 ERROR DataController:29 - Failed to write to file
2024-10-14 16:39:54 ERROR JAXB2:94 - convertMessage failed.
java.lang.NullPointerException: Cannot invoke "java.sql.Timestamp.toLocalDateTime()" because "this.timestamp" is null
	at jp.co.baobhansith.server.JAXB2.setConvertTime(JAXB2.java:73) ~[classes/:?]
	at jp.co.baobhansith.server.JAXB2.convertFormat(JAXB2.java:84) ~[classes/:?]
	at jp.co.baobhansith.server.DataController.lambda$0(DataController.java:28) ~[classes/:?]
	at java.lang.Thread.run(Thread.java:1583) [?:?]
2024-10-14 16:39:54 ERROR DataController:29 - Failed to write to file
2024-10-16 21:20:58 ERROR JAXB2:86 - convertMessage failed.
java.lang.NullPointerException: Cannot invoke "java.sql.Timestamp.toLocalDateTime()" because "this.timestamp" is null
	at jp.co.baobhansith.server.JAXB2.setConvertTime(JAXB2.java:94) ~[classes/:?]
	at jp.co.baobhansith.server.JAXB2.convertFormat(JAXB2.java:73) ~[classes/:?]
	at jp.co.baobhansith.server.DataController.lambda$0(DataController.java:34) ~[classes/:?]
	at java.lang.Thread.run(Thread.java:1583) [?:?]
2024-10-16 21:20:58 ERROR JAXB2:86 - convertMessage failed.
java.lang.NullPointerException: Cannot invoke "java.sql.Timestamp.toLocalDateTime()" because "this.timestamp" is null
	at jp.co.baobhansith.server.JAXB2.setConvertTime(JAXB2.java:94) ~[classes/:?]
	at jp.co.baobhansith.server.JAXB2.convertFormat(JAXB2.java:73) ~[classes/:?]
	at jp.co.baobhansith.server.DataController.lambda$0(DataController.java:34) ~[classes/:?]
	at java.lang.Thread.run(Thread.java:1583) [?:?]
2024-10-16 21:20:58 ERROR JAXB2:86 - convertMessage failed.
java.lang.NullPointerException: Cannot invoke "java.sql.Timestamp.toLocalDateTime()" because "this.timestamp" is null
	at jp.co.baobhansith.server.JAXB2.setConvertTime(JAXB2.java:94) ~[classes/:?]
	at jp.co.baobhansith.server.JAXB2.convertFormat(JAXB2.java:73) ~[classes/:?]
	at jp.co.baobhansith.server.DataController.lambda$0(DataController.java:34) ~[classes/:?]
	at java.lang.Thread.run(Thread.java:1583) [?:?]
2024-10-16 21:20:58 ERROR DataController:35 - Failed to write to file
2024-10-16 21:20:58 ERROR DataController:35 - Failed to write to file
2024-10-16 21:20:58 ERROR JAXB2:86 - convertMessage failed.
java.lang.NullPointerException: Cannot invoke "java.sql.Timestamp.toLocalDateTime()" because "this.timestamp" is null
	at jp.co.baobhansith.server.JAXB2.setConvertTime(JAXB2.java:94) ~[classes/:?]
	at jp.co.baobhansith.server.JAXB2.convertFormat(JAXB2.java:73) ~[classes/:?]
	at jp.co.baobhansith.server.DataController.lambda$0(DataController.java:34) ~[classes/:?]
	at java.lang.Thread.run(Thread.java:1583) [?:?]
2024-10-16 21:20:58 ERROR JAXB2:86 - convertMessage failed.
java.lang.NullPointerException: Cannot invoke "java.sql.Timestamp.toLocalDateTime()" because "this.timestamp" is null
	at jp.co.baobhansith.server.JAXB2.setConvertTime(JAXB2.java:94) ~[classes/:?]
	at jp.co.baobhansith.server.JAXB2.convertFormat(JAXB2.java:73) ~[classes/:?]
	at jp.co.baobhansith.server.DataController.lambda$0(DataController.java:34) ~[classes/:?]
	at java.lang.Thread.run(Thread.java:1583) [?:?]
2024-10-16 21:20:58 ERROR DataController:35 - Failed to write to file
2024-10-16 21:20:58 ERROR JAXB2:86 - convertMessage failed.
java.lang.NullPointerException: Cannot invoke "java.sql.Timestamp.toLocalDateTime()" because "this.timestamp" is null
	at jp.co.baobhansith.server.JAXB2.setConvertTime(JAXB2.java:94) ~[classes/:?]
	at jp.co.baobhansith.server.JAXB2.convertFormat(JAXB2.java:73) ~[classes/:?]
	at jp.co.baobhansith.server.DataController.lambda$0(DataController.java:34) ~[classes/:?]
	at java.lang.Thread.run(Thread.java:1583) [?:?]
2024-10-16 21:20:58 ERROR DataController:35 - Failed to write to file
2024-10-16 21:20:58 ERROR JAXB2:86 - convertMessage failed.
java.lang.NullPointerException: Cannot invoke "java.sql.Timestamp.toLocalDateTime()" because "this.timestamp" is null
	at jp.co.baobhansith.server.JAXB2.setConvertTime(JAXB2.java:94) ~[classes/:?]
	at jp.co.baobhansith.server.JAXB2.convertFormat(JAXB2.java:73) ~[classes/:?]
	at jp.co.baobhansith.server.DataController.lambda$0(DataController.java:34) ~[classes/:?]
	at java.lang.Thread.run(Thread.java:1583) [?:?]
2024-10-16 21:20:58 ERROR JAXB2:86 - convertMessage failed.
java.lang.NullPointerException: Cannot invoke "java.sql.Timestamp.toLocalDateTime()" because "this.timestamp" is null
	at jp.co.baobhansith.server.JAXB2.setConvertTime(JAXB2.java:94) ~[classes/:?]
	at jp.co.baobhansith.server.JAXB2.convertFormat(JAXB2.java:73) ~[classes/:?]
	at jp.co.baobhansith.server.DataController.lambda$0(DataController.java:34) ~[classes/:?]
	at java.lang.Thread.run(Thread.java:1583) [?:?]
2024-10-16 21:20:58 ERROR JAXB2:86 - convertMessage failed.
java.lang.NullPointerException: Cannot invoke "java.sql.Timestamp.toLocalDateTime()" because "this.timestamp" is null
	at jp.co.baobhansith.server.JAXB2.setConvertTime(JAXB2.java:94) ~[classes/:?]
	at jp.co.baobhansith.server.JAXB2.convertFormat(JAXB2.java:73) ~[classes/:?]
	at jp.co.baobhansith.server.DataController.lambda$0(DataController.java:34) ~[classes/:?]
	at java.lang.Thread.run(Thread.java:1583) [?:?]
2024-10-16 21:20:58 ERROR JAXB2:86 - convertMessage failed.
java.lang.NullPointerException: Cannot invoke "java.sql.Timestamp.toLocalDateTime()" because "this.timestamp" is null
	at jp.co.baobhansith.server.JAXB2.setConvertTime(JAXB2.java:94) ~[classes/:?]
	at jp.co.baobhansith.server.JAXB2.convertFormat(JAXB2.java:73) ~[classes/:?]
	at jp.co.baobhansith.server.DataController.lambda$0(DataController.java:34) ~[classes/:?]
	at java.lang.Thread.run(Thread.java:1583) [?:?]
2024-10-16 21:20:58 ERROR DataController:35 - Failed to write to file
2024-10-16 21:20:58 ERROR DataController:35 - Failed to write to file
2024-10-16 21:20:58 ERROR DataController:35 - Failed to write to file
2024-10-16 21:20:58 ERROR DataController:35 - Failed to write to file
2024-10-16 21:20:58 ERROR DataController:35 - Failed to write to file
2024-10-16 21:20:58 ERROR DataController:35 - Failed to write to file
2024-10-19 21:31:43 ERROR JAXB2:94 - convertMessage failed.
java.nio.file.NoSuchFileException: config.properties
	at sun.nio.fs.UnixException.translateToIOException(UnixException.java:92) ~[?:?]
	at sun.nio.fs.UnixException.rethrowAsIOException(UnixException.java:106) ~[?:?]
	at sun.nio.fs.UnixException.rethrowAsIOException(UnixException.java:111) ~[?:?]
	at sun.nio.fs.UnixFileSystemProvider.newByteChannel(UnixFileSystemProvider.java:261) ~[?:?]
	at java.nio.file.Files.newByteChannel(Files.java:379) ~[?:?]
	at java.nio.file.Files.newByteChannel(Files.java:431) ~[?:?]
	at java.nio.file.spi.FileSystemProvider.newInputStream(FileSystemProvider.java:420) ~[?:?]
	at java.nio.file.Files.newInputStream(Files.java:159) ~[?:?]
	at java.nio.file.Files.newBufferedReader(Files.java:2897) ~[?:?]
	at java.nio.file.Files.newBufferedReader(Files.java:2930) ~[?:?]
	at jp.co.baobhansith.server.util.BaobhansithUtility.getValueByKey(BaobhansithUtility.java:33) ~[classes/:?]
	at jp.co.baobhansith.server.JAXB2.getOutputDirectory(JAXB2.java:144) ~[classes/:?]
	at jp.co.baobhansith.server.JAXB2.convertFormat(JAXB2.java:83) ~[classes/:?]
	at jp.co.baobhansith.server.DataController.lambda$0(DataController.java:30) ~[classes/:?]
	at java.lang.Thread.run(Thread.java:1583) [?:?]
2024-10-19 21:31:43 ERROR JAXB2:94 - convertMessage failed.
java.nio.file.NoSuchFileException: config.properties
	at sun.nio.fs.UnixException.translateToIOException(UnixException.java:92) ~[?:?]
	at sun.nio.fs.UnixException.rethrowAsIOException(UnixException.java:106) ~[?:?]
	at sun.nio.fs.UnixException.rethrowAsIOException(UnixException.java:111) ~[?:?]
	at sun.nio.fs.UnixFileSystemProvider.newByteChannel(UnixFileSystemProvider.java:261) ~[?:?]
	at java.nio.file.Files.newByteChannel(Files.java:379) ~[?:?]
	at java.nio.file.Files.newByteChannel(Files.java:431) ~[?:?]
	at java.nio.file.spi.FileSystemProvider.newInputStream(FileSystemProvider.java:420) ~[?:?]
	at java.nio.file.Files.newInputStream(Files.java:159) ~[?:?]
	at java.nio.file.Files.newBufferedReader(Files.java:2897) ~[?:?]
	at java.nio.file.Files.newBufferedReader(Files.java:2930) ~[?:?]
	at jp.co.baobhansith.server.util.BaobhansithUtility.getValueByKey(BaobhansithUtility.java:33) ~[classes/:?]
	at jp.co.baobhansith.server.JAXB2.getOutputDirectory(JAXB2.java:144) ~[classes/:?]
	at jp.co.baobhansith.server.JAXB2.convertFormat(JAXB2.java:83) ~[classes/:?]
	at jp.co.baobhansith.server.DataController.lambda$0(DataController.java:30) ~[classes/:?]
	at java.lang.Thread.run(Thread.java:1583) [?:?]
2024-10-19 21:31:43 ERROR JAXB2:94 - convertMessage failed.
java.nio.file.NoSuchFileException: config.properties
	at sun.nio.fs.UnixException.translateToIOException(UnixException.java:92) ~[?:?]
	at sun.nio.fs.UnixException.rethrowAsIOException(UnixException.java:106) ~[?:?]
	at sun.nio.fs.UnixException.rethrowAsIOException(UnixException.java:111) ~[?:?]
	at sun.nio.fs.UnixFileSystemProvider.newByteChannel(UnixFileSystemProvider.java:261) ~[?:?]
	at java.nio.file.Files.newByteChannel(Files.java:379) ~[?:?]
	at java.nio.file.Files.newByteChannel(Files.java:431) ~[?:?]
	at java.nio.file.spi.FileSystemProvider.newInputStream(FileSystemProvider.java:420) ~[?:?]
	at java.nio.file.Files.newInputStream(Files.java:159) ~[?:?]
	at java.nio.file.Files.newBufferedReader(Files.java:2897) ~[?:?]
	at java.nio.file.Files.newBufferedReader(Files.java:2930) ~[?:?]
	at jp.co.baobhansith.server.util.BaobhansithUtility.getValueByKey(BaobhansithUtility.java:33) ~[classes/:?]
	at jp.co.baobhansith.server.JAXB2.getOutputDirectory(JAXB2.java:144) ~[classes/:?]
	at jp.co.baobhansith.server.JAXB2.convertFormat(JAXB2.java:83) ~[classes/:?]
	at jp.co.baobhansith.server.DataController.lambda$0(DataController.java:30) ~[classes/:?]
	at java.lang.Thread.run(Thread.java:1583) [?:?]
2024-10-19 21:31:43 ERROR JAXB2:94 - convertMessage failed.
java.nio.file.NoSuchFileException: config.properties
	at sun.nio.fs.UnixException.translateToIOException(UnixException.java:92) ~[?:?]
	at sun.nio.fs.UnixException.rethrowAsIOException(UnixException.java:106) ~[?:?]
	at sun.nio.fs.UnixException.rethrowAsIOException(UnixException.java:111) ~[?:?]
	at sun.nio.fs.UnixFileSystemProvider.newByteChannel(UnixFileSystemProvider.java:261) ~[?:?]
	at java.nio.file.Files.newByteChannel(Files.java:379) ~[?:?]
	at java.nio.file.Files.newByteChannel(Files.java:431) ~[?:?]
	at java.nio.file.spi.FileSystemProvider.newInputStream(FileSystemProvider.java:420) ~[?:?]
	at java.nio.file.Files.newInputStream(Files.java:159) ~[?:?]
	at java.nio.file.Files.newBufferedReader(Files.java:2897) ~[?:?]
	at java.nio.file.Files.newBufferedReader(Files.java:2930) ~[?:?]
	at jp.co.baobhansith.server.util.BaobhansithUtility.getValueByKey(BaobhansithUtility.java:33) ~[classes/:?]
	at jp.co.baobhansith.server.JAXB2.getOutputDirectory(JAXB2.java:144) ~[classes/:?]
	at jp.co.baobhansith.server.JAXB2.convertFormat(JAXB2.java:83) ~[classes/:?]
	at jp.co.baobhansith.server.DataController.lambda$0(DataController.java:30) ~[classes/:?]
	at java.lang.Thread.run(Thread.java:1583) [?:?]
2024-10-19 21:31:43 ERROR JAXB2:94 - convertMessage failed.
java.nio.file.NoSuchFileException: config.properties
	at sun.nio.fs.UnixException.translateToIOException(UnixException.java:92) ~[?:?]
	at sun.nio.fs.UnixException.rethrowAsIOException(UnixException.java:106) ~[?:?]
	at sun.nio.fs.UnixException.rethrowAsIOException(UnixException.java:111) ~[?:?]
	at sun.nio.fs.UnixFileSystemProvider.newByteChannel(UnixFileSystemProvider.java:261) ~[?:?]
	at java.nio.file.Files.newByteChannel(Files.java:379) ~[?:?]
	at java.nio.file.Files.newByteChannel(Files.java:431) ~[?:?]
	at java.nio.file.spi.FileSystemProvider.newInputStream(FileSystemProvider.java:420) ~[?:?]
	at java.nio.file.Files.newInputStream(Files.java:159) ~[?:?]
	at java.nio.file.Files.newBufferedReader(Files.java:2897) ~[?:?]
	at java.nio.file.Files.newBufferedReader(Files.java:2930) ~[?:?]
	at jp.co.baobhansith.server.util.BaobhansithUtility.getValueByKey(BaobhansithUtility.java:33) ~[classes/:?]
	at jp.co.baobhansith.server.JAXB2.getOutputDirectory(JAXB2.java:144) ~[classes/:?]
	at jp.co.baobhansith.server.JAXB2.convertFormat(JAXB2.java:83) ~[classes/:?]
	at jp.co.baobhansith.server.DataController.lambda$0(DataController.java:30) ~[classes/:?]
	at java.lang.Thread.run(Thread.java:1583) [?:?]
2024-10-19 21:31:43 ERROR JAXB2:94 - convertMessage failed.
java.nio.file.NoSuchFileException: config.properties
	at sun.nio.fs.UnixException.translateToIOException(UnixException.java:92) ~[?:?]
	at sun.nio.fs.UnixException.rethrowAsIOException(UnixException.java:106) ~[?:?]
	at sun.nio.fs.UnixException.rethrowAsIOException(UnixException.java:111) ~[?:?]
	at sun.nio.fs.UnixFileSystemProvider.newByteChannel(UnixFileSystemProvider.java:261) ~[?:?]
	at java.nio.file.Files.newByteChannel(Files.java:379) ~[?:?]
	at java.nio.file.Files.newByteChannel(Files.java:431) ~[?:?]
	at java.nio.file.spi.FileSystemProvider.newInputStream(FileSystemProvider.java:420) ~[?:?]
	at java.nio.file.Files.newInputStream(Files.java:159) ~[?:?]
	at java.nio.file.Files.newBufferedReader(Files.java:2897) ~[?:?]
	at java.nio.file.Files.newBufferedReader(Files.java:2930) ~[?:?]
	at jp.co.baobhansith.server.util.BaobhansithUtility.getValueByKey(BaobhansithUtility.java:33) ~[classes/:?]
	at jp.co.baobhansith.server.JAXB2.getOutputDirectory(JAXB2.java:144) ~[classes/:?]
	at jp.co.baobhansith.server.JAXB2.convertFormat(JAXB2.java:83) ~[classes/:?]
	at jp.co.baobhansith.server.DataController.lambda$0(DataController.java:30) ~[classes/:?]
	at java.lang.Thread.run(Thread.java:1583) [?:?]
2024-10-19 21:31:43 ERROR JAXB2:94 - convertMessage failed.
java.nio.file.NoSuchFileException: config.properties
	at sun.nio.fs.UnixException.translateToIOException(UnixException.java:92) ~[?:?]
	at sun.nio.fs.UnixException.rethrowAsIOException(UnixException.java:106) ~[?:?]
	at sun.nio.fs.UnixException.rethrowAsIOException(UnixException.java:111) ~[?:?]
	at sun.nio.fs.UnixFileSystemProvider.newByteChannel(UnixFileSystemProvider.java:261) ~[?:?]
	at java.nio.file.Files.newByteChannel(Files.java:379) ~[?:?]
	at java.nio.file.Files.newByteChannel(Files.java:431) ~[?:?]
	at java.nio.file.spi.FileSystemProvider.newInputStream(FileSystemProvider.java:420) ~[?:?]
	at java.nio.file.Files.newInputStream(Files.java:159) ~[?:?]
	at java.nio.file.Files.newBufferedReader(Files.java:2897) ~[?:?]
	at java.nio.file.Files.newBufferedReader(Files.java:2930) ~[?:?]
	at jp.co.baobhansith.server.util.BaobhansithUtility.getValueByKey(BaobhansithUtility.java:33) ~[classes/:?]
	at jp.co.baobhansith.server.JAXB2.getOutputDirectory(JAXB2.java:144) ~[classes/:?]
	at jp.co.baobhansith.server.JAXB2.convertFormat(JAXB2.java:83) ~[classes/:?]
	at jp.co.baobhansith.server.DataController.lambda$0(DataController.java:30) ~[classes/:?]
	at java.lang.Thread.run(Thread.java:1583) [?:?]
2024-10-19 21:31:43 ERROR DataController:31 - Failed to write to file
2024-10-19 21:31:43 ERROR JAXB2:94 - convertMessage failed.
java.nio.file.NoSuchFileException: config.properties
	at sun.nio.fs.UnixException.translateToIOException(UnixException.java:92) ~[?:?]
	at sun.nio.fs.UnixException.rethrowAsIOException(UnixException.java:106) ~[?:?]
	at sun.nio.fs.UnixException.rethrowAsIOException(UnixException.java:111) ~[?:?]
	at sun.nio.fs.UnixFileSystemProvider.newByteChannel(UnixFileSystemProvider.java:261) ~[?:?]
	at java.nio.file.Files.newByteChannel(Files.java:379) ~[?:?]
	at java.nio.file.Files.newByteChannel(Files.java:431) ~[?:?]
	at java.nio.file.spi.FileSystemProvider.newInputStream(FileSystemProvider.java:420) ~[?:?]
	at java.nio.file.Files.newInputStream(Files.java:159) ~[?:?]
	at java.nio.file.Files.newBufferedReader(Files.java:2897) ~[?:?]
	at java.nio.file.Files.newBufferedReader(Files.java:2930) ~[?:?]
	at jp.co.baobhansith.server.util.BaobhansithUtility.getValueByKey(BaobhansithUtility.java:33) ~[classes/:?]
	at jp.co.baobhansith.server.JAXB2.getOutputDirectory(JAXB2.java:144) ~[classes/:?]
	at jp.co.baobhansith.server.JAXB2.convertFormat(JAXB2.java:83) ~[classes/:?]
	at jp.co.baobhansith.server.DataController.lambda$0(DataController.java:30) ~[classes/:?]
	at java.lang.Thread.run(Thread.java:1583) [?:?]
2024-10-19 21:31:43 ERROR JAXB2:94 - convertMessage failed.
java.nio.file.NoSuchFileException: config.properties
	at sun.nio.fs.UnixException.translateToIOException(UnixException.java:92) ~[?:?]
	at sun.nio.fs.UnixException.rethrowAsIOException(UnixException.java:106) ~[?:?]
	at sun.nio.fs.UnixException.rethrowAsIOException(UnixException.java:111) ~[?:?]
	at sun.nio.fs.UnixFileSystemProvider.newByteChannel(UnixFileSystemProvider.java:261) ~[?:?]
	at java.nio.file.Files.newByteChannel(Files.java:379) ~[?:?]
	at java.nio.file.Files.newByteChannel(Files.java:431) ~[?:?]
	at java.nio.file.spi.FileSystemProvider.newInputStream(FileSystemProvider.java:420) ~[?:?]
	at java.nio.file.Files.newInputStream(Files.java:159) ~[?:?]
	at java.nio.file.Files.newBufferedReader(Files.java:2897) ~[?:?]
	at java.nio.file.Files.newBufferedReader(Files.java:2930) ~[?:?]
	at jp.co.baobhansith.server.util.BaobhansithUtility.getValueByKey(BaobhansithUtility.java:33) ~[classes/:?]
	at jp.co.baobhansith.server.JAXB2.getOutputDirectory(JAXB2.java:144) ~[classes/:?]
	at jp.co.baobhansith.server.JAXB2.convertFormat(JAXB2.java:83) ~[classes/:?]
	at jp.co.baobhansith.server.DataController.lambda$0(DataController.java:30) ~[classes/:?]
	at java.lang.Thread.run(Thread.java:1583) [?:?]
2024-10-19 21:31:43 ERROR JAXB2:94 - convertMessage failed.
java.nio.file.NoSuchFileException: config.properties
	at sun.nio.fs.UnixException.translateToIOException(UnixException.java:92) ~[?:?]
	at sun.nio.fs.UnixException.rethrowAsIOException(UnixException.java:106) ~[?:?]
	at sun.nio.fs.UnixException.rethrowAsIOException(UnixException.java:111) ~[?:?]
	at sun.nio.fs.UnixFileSystemProvider.newByteChannel(UnixFileSystemProvider.java:261) ~[?:?]
	at java.nio.file.Files.newByteChannel(Files.java:379) ~[?:?]
	at java.nio.file.Files.newByteChannel(Files.java:431) ~[?:?]
	at java.nio.file.spi.FileSystemProvider.newInputStream(FileSystemProvider.java:420) ~[?:?]
	at java.nio.file.Files.newInputStream(Files.java:159) ~[?:?]
	at java.nio.file.Files.newBufferedReader(Files.java:2897) ~[?:?]
	at java.nio.file.Files.newBufferedReader(Files.java:2930) ~[?:?]
	at jp.co.baobhansith.server.util.BaobhansithUtility.getValueByKey(BaobhansithUtility.java:33) ~[classes/:?]
	at jp.co.baobhansith.server.JAXB2.getOutputDirectory(JAXB2.java:144) ~[classes/:?]
	at jp.co.baobhansith.server.JAXB2.convertFormat(JAXB2.java:83) ~[classes/:?]
	at jp.co.baobhansith.server.DataController.lambda$0(DataController.java:30) ~[classes/:?]
	at java.lang.Thread.run(Thread.java:1583) [?:?]
2024-10-19 21:31:43 ERROR DataController:31 - Failed to write to file
2024-10-19 21:31:43 ERROR DataController:31 - Failed to write to file
2024-10-19 21:31:43 ERROR DataController:31 - Failed to write to file
2024-10-19 21:31:43 ERROR DataController:31 - Failed to write to file
2024-10-19 21:31:43 ERROR DataController:31 - Failed to write to file
2024-10-19 21:31:43 ERROR DataController:31 - Failed to write to file
2024-10-19 21:31:43 ERROR DataController:31 - Failed to write to file
2024-10-19 21:31:43 ERROR DataController:31 - Failed to write to file
2024-10-19 21:31:43 ERROR DataController:31 - Failed to write to file
2024-10-19 21:32:45 ERROR JAXB2:94 - convertMessage failed.
java.nio.file.NoSuchFileException: /home/ytakasugi/java-workspace/baobhansith/config.properties
	at sun.nio.fs.UnixException.translateToIOException(UnixException.java:92) ~[?:?]
	at sun.nio.fs.UnixException.rethrowAsIOException(UnixException.java:106) ~[?:?]
	at sun.nio.fs.UnixException.rethrowAsIOException(UnixException.java:111) ~[?:?]
	at sun.nio.fs.UnixFileSystemProvider.newByteChannel(UnixFileSystemProvider.java:261) ~[?:?]
	at java.nio.file.Files.newByteChannel(Files.java:379) ~[?:?]
	at java.nio.file.Files.newByteChannel(Files.java:431) ~[?:?]
	at java.nio.file.spi.FileSystemProvider.newInputStream(FileSystemProvider.java:420) ~[?:?]
	at java.nio.file.Files.newInputStream(Files.java:159) ~[?:?]
	at java.nio.file.Files.newBufferedReader(Files.java:2897) ~[?:?]
	at java.nio.file.Files.newBufferedReader(Files.java:2930) ~[?:?]
	at jp.co.baobhansith.server.util.BaobhansithUtility.getValueByKey(BaobhansithUtility.java:33) ~[classes/:?]
	at jp.co.baobhansith.server.JAXB2.getOutputDirectory(JAXB2.java:144) ~[classes/:?]
	at jp.co.baobhansith.server.JAXB2.convertFormat(JAXB2.java:83) ~[classes/:?]
	at jp.co.baobhansith.server.DataController.lambda$0(DataController.java:30) ~[classes/:?]
	at java.lang.Thread.run(Thread.java:1583) [?:?]
2024-10-19 21:32:45 ERROR JAXB2:94 - convertMessage failed.
java.nio.file.NoSuchFileException: /home/ytakasugi/java-workspace/baobhansith/config.properties
	at sun.nio.fs.UnixException.translateToIOException(UnixException.java:92) ~[?:?]
	at sun.nio.fs.UnixException.rethrowAsIOException(UnixException.java:106) ~[?:?]
	at sun.nio.fs.UnixException.rethrowAsIOException(UnixException.java:111) ~[?:?]
	at sun.nio.fs.UnixFileSystemProvider.newByteChannel(UnixFileSystemProvider.java:261) ~[?:?]
	at java.nio.file.Files.newByteChannel(Files.java:379) ~[?:?]
	at java.nio.file.Files.newByteChannel(Files.java:431) ~[?:?]
	at java.nio.file.spi.FileSystemProvider.newInputStream(FileSystemProvider.java:420) ~[?:?]
	at java.nio.file.Files.newInputStream(Files.java:159) ~[?:?]
	at java.nio.file.Files.newBufferedReader(Files.java:2897) ~[?:?]
	at java.nio.file.Files.newBufferedReader(Files.java:2930) ~[?:?]
	at jp.co.baobhansith.server.util.BaobhansithUtility.getValueByKey(BaobhansithUtility.java:33) ~[classes/:?]
	at jp.co.baobhansith.server.JAXB2.getOutputDirectory(JAXB2.java:144) ~[classes/:?]
	at jp.co.baobhansith.server.JAXB2.convertFormat(JAXB2.java:83) ~[classes/:?]
	at jp.co.baobhansith.server.DataController.lambda$0(DataController.java:30) ~[classes/:?]
	at java.lang.Thread.run(Thread.java:1583) [?:?]
2024-10-19 21:32:45 ERROR JAXB2:94 - convertMessage failed.
java.nio.file.NoSuchFileException: /home/ytakasugi/java-workspace/baobhansith/config.properties
	at sun.nio.fs.UnixException.translateToIOException(UnixException.java:92) ~[?:?]
	at sun.nio.fs.UnixException.rethrowAsIOException(UnixException.java:106) ~[?:?]
	at sun.nio.fs.UnixException.rethrowAsIOException(UnixException.java:111) ~[?:?]
	at sun.nio.fs.UnixFileSystemProvider.newByteChannel(UnixFileSystemProvider.java:261) ~[?:?]
	at java.nio.file.Files.newByteChannel(Files.java:379) ~[?:?]
	at java.nio.file.Files.newByteChannel(Files.java:431) ~[?:?]
	at java.nio.file.spi.FileSystemProvider.newInputStream(FileSystemProvider.java:420) ~[?:?]
	at java.nio.file.Files.newInputStream(Files.java:159) ~[?:?]
	at java.nio.file.Files.newBufferedReader(Files.java:2897) ~[?:?]
	at java.nio.file.Files.newBufferedReader(Files.java:2930) ~[?:?]
	at jp.co.baobhansith.server.util.BaobhansithUtility.getValueByKey(BaobhansithUtility.java:33) ~[classes/:?]
	at jp.co.baobhansith.server.JAXB2.getOutputDirectory(JAXB2.java:144) ~[classes/:?]
	at jp.co.baobhansith.server.JAXB2.convertFormat(JAXB2.java:83) ~[classes/:?]
	at jp.co.baobhansith.server.DataController.lambda$0(DataController.java:30) ~[classes/:?]
	at java.lang.Thread.run(Thread.java:1583) [?:?]
2024-10-19 21:32:45 ERROR DataController:31 - Failed to write to file
2024-10-19 21:32:45 ERROR DataController:31 - Failed to write to file
2024-10-19 21:32:45 ERROR JAXB2:94 - convertMessage failed.
java.nio.file.NoSuchFileException: /home/ytakasugi/java-workspace/baobhansith/config.properties
	at sun.nio.fs.UnixException.translateToIOException(UnixException.java:92) ~[?:?]
	at sun.nio.fs.UnixException.rethrowAsIOException(UnixException.java:106) ~[?:?]
	at sun.nio.fs.UnixException.rethrowAsIOException(UnixException.java:111) ~[?:?]
	at sun.nio.fs.UnixFileSystemProvider.newByteChannel(UnixFileSystemProvider.java:261) ~[?:?]
	at java.nio.file.Files.newByteChannel(Files.java:379) ~[?:?]
	at java.nio.file.Files.newByteChannel(Files.java:431) ~[?:?]
	at java.nio.file.spi.FileSystemProvider.newInputStream(FileSystemProvider.java:420) ~[?:?]
	at java.nio.file.Files.newInputStream(Files.java:159) ~[?:?]
	at java.nio.file.Files.newBufferedReader(Files.java:2897) ~[?:?]
	at java.nio.file.Files.newBufferedReader(Files.java:2930) ~[?:?]
	at jp.co.baobhansith.server.util.BaobhansithUtility.getValueByKey(BaobhansithUtility.java:33) ~[classes/:?]
	at jp.co.baobhansith.server.JAXB2.getOutputDirectory(JAXB2.java:144) ~[classes/:?]
	at jp.co.baobhansith.server.JAXB2.convertFormat(JAXB2.java:83) ~[classes/:?]
	at jp.co.baobhansith.server.DataController.lambda$0(DataController.java:30) ~[classes/:?]
	at java.lang.Thread.run(Thread.java:1583) [?:?]
2024-10-19 21:32:45 ERROR JAXB2:94 - convertMessage failed.
java.nio.file.NoSuchFileException: /home/ytakasugi/java-workspace/baobhansith/config.properties
	at sun.nio.fs.UnixException.translateToIOException(UnixException.java:92) ~[?:?]
	at sun.nio.fs.UnixException.rethrowAsIOException(UnixException.java:106) ~[?:?]
	at sun.nio.fs.UnixException.rethrowAsIOException(UnixException.java:111) ~[?:?]
	at sun.nio.fs.UnixFileSystemProvider.newByteChannel(UnixFileSystemProvider.java:261) ~[?:?]
	at java.nio.file.Files.newByteChannel(Files.java:379) ~[?:?]
	at java.nio.file.Files.newByteChannel(Files.java:431) ~[?:?]
	at java.nio.file.spi.FileSystemProvider.newInputStream(FileSystemProvider.java:420) ~[?:?]
	at java.nio.file.Files.newInputStream(Files.java:159) ~[?:?]
	at java.nio.file.Files.newBufferedReader(Files.java:2897) ~[?:?]
	at java.nio.file.Files.newBufferedReader(Files.java:2930) ~[?:?]
	at jp.co.baobhansith.server.util.BaobhansithUtility.getValueByKey(BaobhansithUtility.java:33) ~[classes/:?]
	at jp.co.baobhansith.server.JAXB2.getOutputDirectory(JAXB2.java:144) ~[classes/:?]
	at jp.co.baobhansith.server.JAXB2.convertFormat(JAXB2.java:83) ~[classes/:?]
	at jp.co.baobhansith.server.DataController.lambda$0(DataController.java:30) ~[classes/:?]
	at java.lang.Thread.run(Thread.java:1583) [?:?]
2024-10-19 21:32:45 ERROR JAXB2:94 - convertMessage failed.
java.nio.file.NoSuchFileException: /home/ytakasugi/java-workspace/baobhansith/config.properties
	at sun.nio.fs.UnixException.translateToIOException(UnixException.java:92) ~[?:?]
	at sun.nio.fs.UnixException.rethrowAsIOException(UnixException.java:106) ~[?:?]
	at sun.nio.fs.UnixException.rethrowAsIOException(UnixException.java:111) ~[?:?]
	at sun.nio.fs.UnixFileSystemProvider.newByteChannel(UnixFileSystemProvider.java:261) ~[?:?]
	at java.nio.file.Files.newByteChannel(Files.java:379) ~[?:?]
	at java.nio.file.Files.newByteChannel(Files.java:431) ~[?:?]
	at java.nio.file.spi.FileSystemProvider.newInputStream(FileSystemProvider.java:420) ~[?:?]
	at java.nio.file.Files.newInputStream(Files.java:159) ~[?:?]
	at java.nio.file.Files.newBufferedReader(Files.java:2897) ~[?:?]
	at java.nio.file.Files.newBufferedReader(Files.java:2930) ~[?:?]
	at jp.co.baobhansith.server.util.BaobhansithUtility.getValueByKey(BaobhansithUtility.java:33) ~[classes/:?]
	at jp.co.baobhansith.server.JAXB2.getOutputDirectory(JAXB2.java:144) ~[classes/:?]
	at jp.co.baobhansith.server.JAXB2.convertFormat(JAXB2.java:83) ~[classes/:?]
	at jp.co.baobhansith.server.DataController.lambda$0(DataController.java:30) ~[classes/:?]
	at java.lang.Thread.run(Thread.java:1583) [?:?]
2024-10-19 21:32:45 ERROR DataController:31 - Failed to write to file
2024-10-19 21:32:45 ERROR JAXB2:94 - convertMessage failed.
java.nio.file.NoSuchFileException: /home/ytakasugi/java-workspace/baobhansith/config.properties
	at sun.nio.fs.UnixException.translateToIOException(UnixException.java:92) ~[?:?]
	at sun.nio.fs.UnixException.rethrowAsIOException(UnixException.java:106) ~[?:?]
	at sun.nio.fs.UnixException.rethrowAsIOException(UnixException.java:111) ~[?:?]
	at sun.nio.fs.UnixFileSystemProvider.newByteChannel(UnixFileSystemProvider.java:261) ~[?:?]
	at java.nio.file.Files.newByteChannel(Files.java:379) ~[?:?]
	at java.nio.file.Files.newByteChannel(Files.java:431) ~[?:?]
	at java.nio.file.spi.FileSystemProvider.newInputStream(FileSystemProvider.java:420) ~[?:?]
	at java.nio.file.Files.newInputStream(Files.java:159) ~[?:?]
	at java.nio.file.Files.newBufferedReader(Files.java:2897) ~[?:?]
	at java.nio.file.Files.newBufferedReader(Files.java:2930) ~[?:?]
	at jp.co.baobhansith.server.util.BaobhansithUtility.getValueByKey(BaobhansithUtility.java:33) ~[classes/:?]
	at jp.co.baobhansith.server.JAXB2.getOutputDirectory(JAXB2.java:144) ~[classes/:?]
	at jp.co.baobhansith.server.JAXB2.convertFormat(JAXB2.java:83) ~[classes/:?]
	at jp.co.baobhansith.server.DataController.lambda$0(DataController.java:30) ~[classes/:?]
	at java.lang.Thread.run(Thread.java:1583) [?:?]
2024-10-19 21:32:45 ERROR DataController:31 - Failed to write to file
2024-10-19 21:32:45 ERROR JAXB2:94 - convertMessage failed.
java.nio.file.NoSuchFileException: /home/ytakasugi/java-workspace/baobhansith/config.properties
	at sun.nio.fs.UnixException.translateToIOException(UnixException.java:92) ~[?:?]
	at sun.nio.fs.UnixException.rethrowAsIOException(UnixException.java:106) ~[?:?]
	at sun.nio.fs.UnixException.rethrowAsIOException(UnixException.java:111) ~[?:?]
	at sun.nio.fs.UnixFileSystemProvider.newByteChannel(UnixFileSystemProvider.java:261) ~[?:?]
	at java.nio.file.Files.newByteChannel(Files.java:379) ~[?:?]
	at java.nio.file.Files.newByteChannel(Files.java:431) ~[?:?]
	at java.nio.file.spi.FileSystemProvider.newInputStream(FileSystemProvider.java:420) ~[?:?]
	at java.nio.file.Files.newInputStream(Files.java:159) ~[?:?]
	at java.nio.file.Files.newBufferedReader(Files.java:2897) ~[?:?]
	at java.nio.file.Files.newBufferedReader(Files.java:2930) ~[?:?]
	at jp.co.baobhansith.server.util.BaobhansithUtility.getValueByKey(BaobhansithUtility.java:33) ~[classes/:?]
	at jp.co.baobhansith.server.JAXB2.getOutputDirectory(JAXB2.java:144) ~[classes/:?]
	at jp.co.baobhansith.server.JAXB2.convertFormat(JAXB2.java:83) ~[classes/:?]
	at jp.co.baobhansith.server.DataController.lambda$0(DataController.java:30) ~[classes/:?]
	at java.lang.Thread.run(Thread.java:1583) [?:?]
2024-10-19 21:32:45 ERROR DataController:31 - Failed to write to file
2024-10-19 21:32:45 ERROR JAXB2:94 - convertMessage failed.
java.nio.file.NoSuchFileException: /home/ytakasugi/java-workspace/baobhansith/config.properties
	at sun.nio.fs.UnixException.translateToIOException(UnixException.java:92) ~[?:?]
	at sun.nio.fs.UnixException.rethrowAsIOException(UnixException.java:106) ~[?:?]
	at sun.nio.fs.UnixException.rethrowAsIOException(UnixException.java:111) ~[?:?]
	at sun.nio.fs.UnixFileSystemProvider.newByteChannel(UnixFileSystemProvider.java:261) ~[?:?]
	at java.nio.file.Files.newByteChannel(Files.java:379) ~[?:?]
	at java.nio.file.Files.newByteChannel(Files.java:431) ~[?:?]
	at java.nio.file.spi.FileSystemProvider.newInputStream(FileSystemProvider.java:420) ~[?:?]
	at java.nio.file.Files.newInputStream(Files.java:159) ~[?:?]
	at java.nio.file.Files.newBufferedReader(Files.java:2897) ~[?:?]
	at java.nio.file.Files.newBufferedReader(Files.java:2930) ~[?:?]
	at jp.co.baobhansith.server.util.BaobhansithUtility.getValueByKey(BaobhansithUtility.java:33) ~[classes/:?]
	at jp.co.baobhansith.server.JAXB2.getOutputDirectory(JAXB2.java:144) ~[classes/:?]
	at jp.co.baobhansith.server.JAXB2.convertFormat(JAXB2.java:83) ~[classes/:?]
	at jp.co.baobhansith.server.DataController.lambda$0(DataController.java:30) ~[classes/:?]
	at java.lang.Thread.run(Thread.java:1583) [?:?]
2024-10-19 21:32:45 ERROR JAXB2:94 - convertMessage failed.
java.nio.file.NoSuchFileException: /home/ytakasugi/java-workspace/baobhansith/config.properties
	at sun.nio.fs.UnixException.translateToIOException(UnixException.java:92) ~[?:?]
	at sun.nio.fs.UnixException.rethrowAsIOException(UnixException.java:106) ~[?:?]
	at sun.nio.fs.UnixException.rethrowAsIOException(UnixException.java:111) ~[?:?]
	at sun.nio.fs.UnixFileSystemProvider.newByteChannel(UnixFileSystemProvider.java:261) ~[?:?]
	at java.nio.file.Files.newByteChannel(Files.java:379) ~[?:?]
	at java.nio.file.Files.newByteChannel(Files.java:431) ~[?:?]
	at java.nio.file.spi.FileSystemProvider.newInputStream(FileSystemProvider.java:420) ~[?:?]
	at java.nio.file.Files.newInputStream(Files.java:159) ~[?:?]
	at java.nio.file.Files.newBufferedReader(Files.java:2897) ~[?:?]
	at java.nio.file.Files.newBufferedReader(Files.java:2930) ~[?:?]
	at jp.co.baobhansith.server.util.BaobhansithUtility.getValueByKey(BaobhansithUtility.java:33) ~[classes/:?]
	at jp.co.baobhansith.server.JAXB2.getOutputDirectory(JAXB2.java:144) ~[classes/:?]
	at jp.co.baobhansith.server.JAXB2.convertFormat(JAXB2.java:83) ~[classes/:?]
	at jp.co.baobhansith.server.DataController.lambda$0(DataController.java:30) ~[classes/:?]
	at java.lang.Thread.run(Thread.java:1583) [?:?]
2024-10-19 21:32:45 ERROR DataController:31 - Failed to write to file
2024-10-19 21:32:45 ERROR DataController:31 - Failed to write to file
2024-10-19 21:32:45 ERROR DataController:31 - Failed to write to file
2024-10-19 21:32:45 ERROR DataController:31 - Failed to write to file
2024-10-19 21:32:45 ERROR DataController:31 - Failed to write to file
2024-10-19 23:34:27 ERROR RenameExe:53 - Invalid directory. Source Directroy is [@], Destination Directroy is [@]
2024-10-20 11:30:19 ERROR RenameExe:53 - Invalid directory. Source Directroy : [@], Destination Directroy : [@]
2024-10-20 11:32:15 ERROR RenameExe:53 - Invalid directory. Source Directroy : /home/ytakasugi/java-workspace/baobhansith/out, Destination Directroy : }
2024-10-20 17:34:22 ERROR RenameExe:61 - Invalid directory. Source Directroy : /home/ytakasugi/java-workspace/baobhansith/out, Destination Directroy : 
